2019-03-21 11:25:26,375 - ************************************************************** 
2019-03-21 11:25:26,375 - Starting Jakarta Velocity v1.4
2019-03-21 11:25:26,375 - RuntimeInstance initializing.
2019-03-21 11:25:26,375 - Default Properties File: org\apache\velocity\runtime\defaults\velocity.properties
2019-03-21 11:25:26,375 - Trying to use logger class org.apache.velocity.runtime.log.SimpleLog4JLogSystem
2019-03-21 11:25:26,375 - Using logger class org.apache.velocity.runtime.log.SimpleLog4JLogSystem
2019-03-21 11:25:26,379 - Default ResourceManager initializing. (class org.apache.velocity.runtime.resource.ResourceManagerImpl)
2019-03-21 11:25:26,382 - Resource Loader Instantiated: org.apache.velocity.runtime.resource.loader.ClasspathResourceLoader
2019-03-21 11:25:26,383 - ClasspathResourceLoader : initialization starting.
2019-03-21 11:25:26,383 - ClasspathResourceLoader : initialization complete.
2019-03-21 11:25:26,385 - ResourceCache : initialized. (class org.apache.velocity.runtime.resource.ResourceCacheImpl)
2019-03-21 11:25:26,385 - Default ResourceManager initialization complete.
2019-03-21 11:25:26,387 - Loaded System Directive: org.apache.velocity.runtime.directive.Literal
2019-03-21 11:25:26,389 - Loaded System Directive: org.apache.velocity.runtime.directive.Macro
2019-03-21 11:25:26,392 - Loaded System Directive: org.apache.velocity.runtime.directive.Parse
2019-03-21 11:25:26,395 - Loaded System Directive: org.apache.velocity.runtime.directive.Include
2019-03-21 11:25:26,396 - Loaded System Directive: org.apache.velocity.runtime.directive.Foreach
2019-03-21 11:25:26,430 - Created: 20 parsers.
2019-03-21 11:25:26,438 - Velocimacro : initialization starting.
2019-03-21 11:25:26,438 - Velocimacro : adding VMs from VM library template : VM_global_library.vm
2019-03-21 11:25:26,441 - ResourceManager : unable to find resource 'VM_global_library.vm' in any resource loader.
2019-03-21 11:25:26,441 - Velocimacro : error using  VM library template VM_global_library.vm : org.apache.velocity.exception.ResourceNotFoundException: Unable to find resource 'VM_global_library.vm'
2019-03-21 11:25:26,441 - Velocimacro :  VM library template macro registration complete.
2019-03-21 11:25:26,441 - Velocimacro : allowInline = true : VMs can be defined inline in templates
2019-03-21 11:25:26,441 - Velocimacro : allowInlineToOverride = false : VMs defined inline may NOT replace previous VM definitions
2019-03-21 11:25:26,441 - Velocimacro : allowInlineLocal = false : VMs defined inline will be  global in scope if allowed.
2019-03-21 11:25:26,441 - Velocimacro : messages on  : VM system will output logging messages
2019-03-21 11:25:26,441 - Velocimacro : autoload off  : VM system will not automatically reload global library macros
2019-03-21 11:25:26,441 - Velocimacro : initialization complete.
2019-03-21 11:25:26,441 - Velocity successfully started.
2019-03-21 11:44:02,784 - SimpleLog4JLogSystem initialized using logfile 'velocity.log'
2019-03-21 11:44:02,785 - ************************************************************** 
2019-03-21 11:44:02,785 - Starting Jakarta Velocity v1.4
2019-03-21 11:44:02,785 - RuntimeInstance initializing.
2019-03-21 11:44:02,785 - Default Properties File: org\apache\velocity\runtime\defaults\velocity.properties
2019-03-21 11:44:02,785 - Trying to use logger class org.apache.velocity.runtime.log.SimpleLog4JLogSystem
2019-03-21 11:44:02,785 - Using logger class org.apache.velocity.runtime.log.SimpleLog4JLogSystem
2019-03-21 11:44:02,788 - Default ResourceManager initializing. (class org.apache.velocity.runtime.resource.ResourceManagerImpl)
2019-03-21 11:44:02,791 - Resource Loader Instantiated: org.apache.velocity.runtime.resource.loader.ClasspathResourceLoader
2019-03-21 11:44:02,791 - ClasspathResourceLoader : initialization starting.
2019-03-21 11:44:02,791 - ClasspathResourceLoader : initialization complete.
2019-03-21 11:44:02,793 - ResourceCache : initialized. (class org.apache.velocity.runtime.resource.ResourceCacheImpl)
2019-03-21 11:44:02,793 - Default ResourceManager initialization complete.
2019-03-21 11:44:02,795 - Loaded System Directive: org.apache.velocity.runtime.directive.Literal
2019-03-21 11:44:02,797 - Loaded System Directive: org.apache.velocity.runtime.directive.Macro
2019-03-21 11:44:02,800 - Loaded System Directive: org.apache.velocity.runtime.directive.Parse
2019-03-21 11:44:02,802 - Loaded System Directive: org.apache.velocity.runtime.directive.Include
2019-03-21 11:44:02,803 - Loaded System Directive: org.apache.velocity.runtime.directive.Foreach
2019-03-21 11:44:02,838 - Created: 20 parsers.
2019-03-21 11:44:02,847 - Velocimacro : initialization starting.
2019-03-21 11:44:02,847 - Velocimacro : adding VMs from VM library template : VM_global_library.vm
2019-03-21 11:44:02,850 - ResourceManager : unable to find resource 'VM_global_library.vm' in any resource loader.
2019-03-21 11:44:02,850 - Velocimacro : error using  VM library template VM_global_library.vm : org.apache.velocity.exception.ResourceNotFoundException: Unable to find resource 'VM_global_library.vm'
2019-03-21 11:44:02,850 - Velocimacro :  VM library template macro registration complete.
2019-03-21 11:44:02,850 - Velocimacro : allowInline = true : VMs can be defined inline in templates
2019-03-21 11:44:02,850 - Velocimacro : allowInlineToOverride = false : VMs defined inline may NOT replace previous VM definitions
2019-03-21 11:44:02,850 - Velocimacro : allowInlineLocal = false : VMs defined inline will be  global in scope if allowed.
2019-03-21 11:44:02,850 - Velocimacro : messages on  : VM system will output logging messages
2019-03-21 11:44:02,850 - Velocimacro : autoload off  : VM system will not automatically reload global library macros
2019-03-21 11:44:02,851 - Velocimacro : initialization complete.
2019-03-21 11:44:02,851 - Velocity successfully started.
2019-03-21 12:36:58,734 - SimpleLog4JLogSystem initialized using logfile 'velocity.log'
2019-03-21 12:36:58,735 - ************************************************************** 
2019-03-21 12:36:58,735 - Starting Jakarta Velocity v1.4
2019-03-21 12:36:58,735 - RuntimeInstance initializing.
2019-03-21 12:36:58,735 - Default Properties File: org\apache\velocity\runtime\defaults\velocity.properties
2019-03-21 12:36:58,735 - Trying to use logger class org.apache.velocity.runtime.log.SimpleLog4JLogSystem
2019-03-21 12:36:58,735 - Using logger class org.apache.velocity.runtime.log.SimpleLog4JLogSystem
2019-03-21 12:36:58,738 - Default ResourceManager initializing. (class org.apache.velocity.runtime.resource.ResourceManagerImpl)
2019-03-21 12:36:58,740 - Resource Loader Instantiated: org.apache.velocity.runtime.resource.loader.ClasspathResourceLoader
2019-03-21 12:36:58,740 - ClasspathResourceLoader : initialization starting.
2019-03-21 12:36:58,741 - ClasspathResourceLoader : initialization complete.
2019-03-21 12:36:58,742 - ResourceCache : initialized. (class org.apache.velocity.runtime.resource.ResourceCacheImpl)
2019-03-21 12:36:58,742 - Default ResourceManager initialization complete.
2019-03-21 12:36:58,743 - Loaded System Directive: org.apache.velocity.runtime.directive.Literal
2019-03-21 12:36:58,745 - Loaded System Directive: org.apache.velocity.runtime.directive.Macro
2019-03-21 12:36:58,748 - Loaded System Directive: org.apache.velocity.runtime.directive.Parse
2019-03-21 12:36:58,751 - Loaded System Directive: org.apache.velocity.runtime.directive.Include
2019-03-21 12:36:58,752 - Loaded System Directive: org.apache.velocity.runtime.directive.Foreach
2019-03-21 12:36:58,795 - Created: 20 parsers.
2019-03-21 12:36:58,804 - Velocimacro : initialization starting.
2019-03-21 12:36:58,804 - Velocimacro : adding VMs from VM library template : VM_global_library.vm
2019-03-21 12:36:58,808 - ResourceManager : unable to find resource 'VM_global_library.vm' in any resource loader.
2019-03-21 12:36:58,808 - Velocimacro : error using  VM library template VM_global_library.vm : org.apache.velocity.exception.ResourceNotFoundException: Unable to find resource 'VM_global_library.vm'
2019-03-21 12:36:58,808 - Velocimacro :  VM library template macro registration complete.
2019-03-21 12:36:58,808 - Velocimacro : allowInline = true : VMs can be defined inline in templates
2019-03-21 12:36:58,808 - Velocimacro : allowInlineToOverride = false : VMs defined inline may NOT replace previous VM definitions
2019-03-21 12:36:58,808 - Velocimacro : allowInlineLocal = false : VMs defined inline will be  global in scope if allowed.
2019-03-21 12:36:58,808 - Velocimacro : messages on  : VM system will output logging messages
2019-03-21 12:36:58,808 - Velocimacro : autoload off  : VM system will not automatically reload global library macros
2019-03-21 12:36:58,808 - Velocimacro : initialization complete.
2019-03-21 12:36:58,808 - Velocity successfully started.
2019-03-21 12:37:16,856 - SimpleLog4JLogSystem initialized using logfile 'velocity.log'
2019-03-21 12:37:16,857 - ************************************************************** 
2019-03-21 12:37:16,857 - Starting Jakarta Velocity v1.4
2019-03-21 12:37:16,857 - RuntimeInstance initializing.
2019-03-21 12:37:16,857 - Default Properties File: org\apache\velocity\runtime\defaults\velocity.properties
2019-03-21 12:37:16,857 - Trying to use logger class org.apache.velocity.runtime.log.SimpleLog4JLogSystem
2019-03-21 12:37:16,857 - Using logger class org.apache.velocity.runtime.log.SimpleLog4JLogSystem
2019-03-21 12:37:16,860 - Default ResourceManager initializing. (class org.apache.velocity.runtime.resource.ResourceManagerImpl)
2019-03-21 12:37:16,864 - Resource Loader Instantiated: org.apache.velocity.runtime.resource.loader.ClasspathResourceLoader
2019-03-21 12:37:16,865 - ClasspathResourceLoader : initialization starting.
2019-03-21 12:37:16,865 - ClasspathResourceLoader : initialization complete.
2019-03-21 12:37:16,868 - ResourceCache : initialized. (class org.apache.velocity.runtime.resource.ResourceCacheImpl)
2019-03-21 12:37:16,869 - Default ResourceManager initialization complete.
2019-03-21 12:37:16,871 - Loaded System Directive: org.apache.velocity.runtime.directive.Literal
2019-03-21 12:37:16,873 - Loaded System Directive: org.apache.velocity.runtime.directive.Macro
2019-03-21 12:37:16,876 - Loaded System Directive: org.apache.velocity.runtime.directive.Parse
2019-03-21 12:37:16,878 - Loaded System Directive: org.apache.velocity.runtime.directive.Include
2019-03-21 12:37:16,879 - Loaded System Directive: org.apache.velocity.runtime.directive.Foreach
2019-03-21 12:37:16,918 - Created: 20 parsers.
2019-03-21 12:37:16,926 - Velocimacro : initialization starting.
2019-03-21 12:37:16,926 - Velocimacro : adding VMs from VM library template : VM_global_library.vm
2019-03-21 12:37:16,929 - ResourceManager : unable to find resource 'VM_global_library.vm' in any resource loader.
2019-03-21 12:37:16,929 - Velocimacro : error using  VM library template VM_global_library.vm : org.apache.velocity.exception.ResourceNotFoundException: Unable to find resource 'VM_global_library.vm'
2019-03-21 12:37:16,929 - Velocimacro :  VM library template macro registration complete.
2019-03-21 12:37:16,929 - Velocimacro : allowInline = true : VMs can be defined inline in templates
2019-03-21 12:37:16,929 - Velocimacro : allowInlineToOverride = false : VMs defined inline may NOT replace previous VM definitions
2019-03-21 12:37:16,930 - Velocimacro : allowInlineLocal = false : VMs defined inline will be  global in scope if allowed.
2019-03-21 12:37:16,930 - Velocimacro : messages on  : VM system will output logging messages
2019-03-21 12:37:16,930 - Velocimacro : autoload off  : VM system will not automatically reload global library macros
2019-03-21 12:37:16,930 - Velocimacro : initialization complete.
2019-03-21 12:37:16,930 - Velocity successfully started.
2019-03-21 12:58:59,396 - SimpleLog4JLogSystem initialized using logfile 'velocity.log'
2019-03-21 12:58:59,396 - ************************************************************** 
2019-03-21 12:58:59,396 - Starting Jakarta Velocity v1.4
2019-03-21 12:58:59,397 - RuntimeInstance initializing.
2019-03-21 12:58:59,397 - Default Properties File: org\apache\velocity\runtime\defaults\velocity.properties
2019-03-21 12:58:59,397 - Trying to use logger class org.apache.velocity.runtime.log.SimpleLog4JLogSystem
2019-03-21 12:58:59,397 - Using logger class org.apache.velocity.runtime.log.SimpleLog4JLogSystem
2019-03-21 12:58:59,400 - Default ResourceManager initializing. (class org.apache.velocity.runtime.resource.ResourceManagerImpl)
2019-03-21 12:58:59,403 - Resource Loader Instantiated: org.apache.velocity.runtime.resource.loader.ClasspathResourceLoader
2019-03-21 12:58:59,403 - ClasspathResourceLoader : initialization starting.
2019-03-21 12:58:59,403 - ClasspathResourceLoader : initialization complete.
2019-03-21 12:58:59,405 - ResourceCache : initialized. (class org.apache.velocity.runtime.resource.ResourceCacheImpl)
2019-03-21 12:58:59,405 - Default ResourceManager initialization complete.
2019-03-21 12:58:59,407 - Loaded System Directive: org.apache.velocity.runtime.directive.Literal
2019-03-21 12:58:59,409 - Loaded System Directive: org.apache.velocity.runtime.directive.Macro
2019-03-21 12:58:59,412 - Loaded System Directive: org.apache.velocity.runtime.directive.Parse
2019-03-21 12:58:59,414 - Loaded System Directive: org.apache.velocity.runtime.directive.Include
2019-03-21 12:58:59,416 - Loaded System Directive: org.apache.velocity.runtime.directive.Foreach
2019-03-21 12:58:59,450 - Created: 20 parsers.
2019-03-21 12:58:59,458 - Velocimacro : initialization starting.
2019-03-21 12:58:59,458 - Velocimacro : adding VMs from VM library template : VM_global_library.vm
2019-03-21 12:58:59,461 - ResourceManager : unable to find resource 'VM_global_library.vm' in any resource loader.
2019-03-21 12:58:59,461 - Velocimacro : error using  VM library template VM_global_library.vm : org.apache.velocity.exception.ResourceNotFoundException: Unable to find resource 'VM_global_library.vm'
2019-03-21 12:58:59,461 - Velocimacro :  VM library template macro registration complete.
2019-03-21 12:58:59,461 - Velocimacro : allowInline = true : VMs can be defined inline in templates
2019-03-21 12:58:59,461 - Velocimacro : allowInlineToOverride = false : VMs defined inline may NOT replace previous VM definitions
2019-03-21 12:58:59,461 - Velocimacro : allowInlineLocal = false : VMs defined inline will be  global in scope if allowed.
2019-03-21 12:58:59,461 - Velocimacro : messages on  : VM system will output logging messages
2019-03-21 12:58:59,462 - Velocimacro : autoload off  : VM system will not automatically reload global library macros
2019-03-21 12:58:59,462 - Velocimacro : initialization complete.
2019-03-21 12:58:59,462 - Velocity successfully started.
2019-03-21 13:06:15,423 - SimpleLog4JLogSystem initialized using logfile 'velocity.log'
2019-03-21 13:06:15,424 - ************************************************************** 
2019-03-21 13:06:15,424 - Starting Jakarta Velocity v1.4
2019-03-21 13:06:15,424 - RuntimeInstance initializing.
2019-03-21 13:06:15,424 - Default Properties File: org\apache\velocity\runtime\defaults\velocity.properties
2019-03-21 13:06:15,424 - Trying to use logger class org.apache.velocity.runtime.log.SimpleLog4JLogSystem
2019-03-21 13:06:15,424 - Using logger class org.apache.velocity.runtime.log.SimpleLog4JLogSystem
2019-03-21 13:06:15,427 - Default ResourceManager initializing. (class org.apache.velocity.runtime.resource.ResourceManagerImpl)
2019-03-21 13:06:15,431 - Resource Loader Instantiated: org.apache.velocity.runtime.resource.loader.ClasspathResourceLoader
2019-03-21 13:06:15,431 - ClasspathResourceLoader : initialization starting.
2019-03-21 13:06:15,431 - ClasspathResourceLoader : initialization complete.
2019-03-21 13:06:15,433 - ResourceCache : initialized. (class org.apache.velocity.runtime.resource.ResourceCacheImpl)
2019-03-21 13:06:15,433 - Default ResourceManager initialization complete.
2019-03-21 13:06:15,435 - Loaded System Directive: org.apache.velocity.runtime.directive.Literal
2019-03-21 13:06:15,437 - Loaded System Directive: org.apache.velocity.runtime.directive.Macro
2019-03-21 13:06:15,440 - Loaded System Directive: org.apache.velocity.runtime.directive.Parse
2019-03-21 13:06:15,443 - Loaded System Directive: org.apache.velocity.runtime.directive.Include
2019-03-21 13:06:15,444 - Loaded System Directive: org.apache.velocity.runtime.directive.Foreach
2019-03-21 13:06:15,486 - Created: 20 parsers.
2019-03-21 13:06:15,493 - Velocimacro : initialization starting.
2019-03-21 13:06:15,493 - Velocimacro : adding VMs from VM library template : VM_global_library.vm
2019-03-21 13:06:15,497 - ResourceManager : unable to find resource 'VM_global_library.vm' in any resource loader.
2019-03-21 13:06:15,497 - Velocimacro : error using  VM library template VM_global_library.vm : org.apache.velocity.exception.ResourceNotFoundException: Unable to find resource 'VM_global_library.vm'
2019-03-21 13:06:15,497 - Velocimacro :  VM library template macro registration complete.
2019-03-21 13:06:15,497 - Velocimacro : allowInline = true : VMs can be defined inline in templates
2019-03-21 13:06:15,497 - Velocimacro : allowInlineToOverride = false : VMs defined inline may NOT replace previous VM definitions
2019-03-21 13:06:15,497 - Velocimacro : allowInlineLocal = false : VMs defined inline will be  global in scope if allowed.
2019-03-21 13:06:15,497 - Velocimacro : messages on  : VM system will output logging messages
2019-03-21 13:06:15,497 - Velocimacro : autoload off  : VM system will not automatically reload global library macros
2019-03-21 13:06:15,497 - Velocimacro : initialization complete.
2019-03-21 13:06:15,497 - Velocity successfully started.
2019-03-22 10:22:58,470 - SimpleLog4JLogSystem initialized using logfile 'velocity.log'
2019-03-22 10:22:58,470 - ************************************************************** 
2019-03-22 10:22:58,470 - Starting Jakarta Velocity v1.4
2019-03-22 10:22:58,470 - RuntimeInstance initializing.
2019-03-22 10:22:58,470 - Default Properties File: org\apache\velocity\runtime\defaults\velocity.properties
2019-03-22 10:22:58,470 - Trying to use logger class org.apache.velocity.runtime.log.SimpleLog4JLogSystem
2019-03-22 10:22:58,470 - Using logger class org.apache.velocity.runtime.log.SimpleLog4JLogSystem
2019-03-22 10:22:58,472 - Default ResourceManager initializing. (class org.apache.velocity.runtime.resource.ResourceManagerImpl)
2019-03-22 10:22:58,474 - Resource Loader Instantiated: org.apache.velocity.runtime.resource.loader.ClasspathResourceLoader
2019-03-22 10:22:58,474 - ClasspathResourceLoader : initialization starting.
2019-03-22 10:22:58,474 - ClasspathResourceLoader : initialization complete.
2019-03-22 10:22:58,475 - ResourceCache : initialized. (class org.apache.velocity.runtime.resource.ResourceCacheImpl)
2019-03-22 10:22:58,475 - Default ResourceManager initialization complete.
2019-03-22 10:22:58,475 - Loaded System Directive: org.apache.velocity.runtime.directive.Literal
2019-03-22 10:22:58,476 - Loaded System Directive: org.apache.velocity.runtime.directive.Macro
2019-03-22 10:22:58,477 - Loaded System Directive: org.apache.velocity.runtime.directive.Parse
2019-03-22 10:22:58,478 - Loaded System Directive: org.apache.velocity.runtime.directive.Include
2019-03-22 10:22:58,478 - Loaded System Directive: org.apache.velocity.runtime.directive.Foreach
2019-03-22 10:22:58,494 - Created: 20 parsers.
2019-03-22 10:22:58,498 - Velocimacro : initialization starting.
2019-03-22 10:22:58,498 - Velocimacro : adding VMs from VM library template : VM_global_library.vm
2019-03-22 10:22:58,499 - ResourceManager : unable to find resource 'VM_global_library.vm' in any resource loader.
2019-03-22 10:22:58,499 - Velocimacro : error using  VM library template VM_global_library.vm : org.apache.velocity.exception.ResourceNotFoundException: Unable to find resource 'VM_global_library.vm'
2019-03-22 10:22:58,499 - Velocimacro :  VM library template macro registration complete.
2019-03-22 10:22:58,499 - Velocimacro : allowInline = true : VMs can be defined inline in templates
2019-03-22 10:22:58,499 - Velocimacro : allowInlineToOverride = false : VMs defined inline may NOT replace previous VM definitions
2019-03-22 10:22:58,500 - Velocimacro : allowInlineLocal = false : VMs defined inline will be  global in scope if allowed.
2019-03-22 10:22:58,500 - Velocimacro : messages on  : VM system will output logging messages
2019-03-22 10:22:58,500 - Velocimacro : autoload off  : VM system will not automatically reload global library macros
2019-03-22 10:22:58,500 - Velocimacro : initialization complete.
2019-03-22 10:22:58,500 - Velocity successfully started.
2019-03-25 14:12:57,461 - SimpleLog4JLogSystem initialized using logfile 'velocity.log'
2019-03-25 14:12:57,461 - ************************************************************** 
2019-03-25 14:12:57,461 - Starting Jakarta Velocity v1.4
2019-03-25 14:12:57,461 - RuntimeInstance initializing.
2019-03-25 14:12:57,461 - Default Properties File: org\apache\velocity\runtime\defaults\velocity.properties
2019-03-25 14:12:57,461 - Trying to use logger class org.apache.velocity.runtime.log.SimpleLog4JLogSystem
2019-03-25 14:12:57,461 - Using logger class org.apache.velocity.runtime.log.SimpleLog4JLogSystem
2019-03-25 14:12:57,464 - Default ResourceManager initializing. (class org.apache.velocity.runtime.resource.ResourceManagerImpl)
2019-03-25 14:12:57,466 - Resource Loader Instantiated: org.apache.velocity.runtime.resource.loader.ClasspathResourceLoader
2019-03-25 14:12:57,466 - ClasspathResourceLoader : initialization starting.
2019-03-25 14:12:57,466 - ClasspathResourceLoader : initialization complete.
2019-03-25 14:12:57,467 - ResourceCache : initialized. (class org.apache.velocity.runtime.resource.ResourceCacheImpl)
2019-03-25 14:12:57,467 - Default ResourceManager initialization complete.
2019-03-25 14:12:57,468 - Loaded System Directive: org.apache.velocity.runtime.directive.Literal
2019-03-25 14:12:57,469 - Loaded System Directive: org.apache.velocity.runtime.directive.Macro
2019-03-25 14:12:57,471 - Loaded System Directive: org.apache.velocity.runtime.directive.Parse
2019-03-25 14:12:57,472 - Loaded System Directive: org.apache.velocity.runtime.directive.Include
2019-03-25 14:12:57,473 - Loaded System Directive: org.apache.velocity.runtime.directive.Foreach
2019-03-25 14:12:57,494 - Created: 20 parsers.
2019-03-25 14:12:57,499 - Velocimacro : initialization starting.
2019-03-25 14:12:57,499 - Velocimacro : adding VMs from VM library template : VM_global_library.vm
2019-03-25 14:12:57,501 - ResourceManager : unable to find resource 'VM_global_library.vm' in any resource loader.
2019-03-25 14:12:57,501 - Velocimacro : error using  VM library template VM_global_library.vm : org.apache.velocity.exception.ResourceNotFoundException: Unable to find resource 'VM_global_library.vm'
2019-03-25 14:12:57,501 - Velocimacro :  VM library template macro registration complete.
2019-03-25 14:12:57,501 - Velocimacro : allowInline = true : VMs can be defined inline in templates
2019-03-25 14:12:57,501 - Velocimacro : allowInlineToOverride = false : VMs defined inline may NOT replace previous VM definitions
2019-03-25 14:12:57,501 - Velocimacro : allowInlineLocal = false : VMs defined inline will be  global in scope if allowed.
2019-03-25 14:12:57,501 - Velocimacro : messages on  : VM system will output logging messages
2019-03-25 14:12:57,501 - Velocimacro : autoload off  : VM system will not automatically reload global library macros
2019-03-25 14:12:57,501 - Velocimacro : initialization complete.
2019-03-25 14:12:57,501 - Velocity successfully started.
2019-03-25 15:17:14,130 - SimpleLog4JLogSystem initialized using logfile 'velocity.log'
2019-03-25 15:17:14,130 - ************************************************************** 
2019-03-25 15:17:14,130 - Starting Jakarta Velocity v1.4
2019-03-25 15:17:14,130 - RuntimeInstance initializing.
2019-03-25 15:17:14,130 - Default Properties File: org\apache\velocity\runtime\defaults\velocity.properties
2019-03-25 15:17:14,130 - Trying to use logger class org.apache.velocity.runtime.log.SimpleLog4JLogSystem
2019-03-25 15:17:14,130 - Using logger class org.apache.velocity.runtime.log.SimpleLog4JLogSystem
2019-03-25 15:17:14,134 - Default ResourceManager initializing. (class org.apache.velocity.runtime.resource.ResourceManagerImpl)
2019-03-25 15:17:14,136 - Resource Loader Instantiated: org.apache.velocity.runtime.resource.loader.ClasspathResourceLoader
2019-03-25 15:17:14,136 - ClasspathResourceLoader : initialization starting.
2019-03-25 15:17:14,136 - ClasspathResourceLoader : initialization complete.
2019-03-25 15:17:14,138 - ResourceCache : initialized. (class org.apache.velocity.runtime.resource.ResourceCacheImpl)
2019-03-25 15:17:14,138 - Default ResourceManager initialization complete.
2019-03-25 15:17:14,140 - Loaded System Directive: org.apache.velocity.runtime.directive.Literal
2019-03-25 15:17:14,142 - Loaded System Directive: org.apache.velocity.runtime.directive.Macro
2019-03-25 15:17:14,145 - Loaded System Directive: org.apache.velocity.runtime.directive.Parse
2019-03-25 15:17:14,147 - Loaded System Directive: org.apache.velocity.runtime.directive.Include
2019-03-25 15:17:14,148 - Loaded System Directive: org.apache.velocity.runtime.directive.Foreach
2019-03-25 15:17:14,192 - Created: 20 parsers.
2019-03-25 15:17:14,202 - Velocimacro : initialization starting.
2019-03-25 15:17:14,202 - Velocimacro : adding VMs from VM library template : VM_global_library.vm
2019-03-25 15:17:14,206 - ResourceManager : unable to find resource 'VM_global_library.vm' in any resource loader.
2019-03-25 15:17:14,207 - Velocimacro : error using  VM library template VM_global_library.vm : org.apache.velocity.exception.ResourceNotFoundException: Unable to find resource 'VM_global_library.vm'
2019-03-25 15:17:14,207 - Velocimacro :  VM library template macro registration complete.
2019-03-25 15:17:14,207 - Velocimacro : allowInline = true : VMs can be defined inline in templates
2019-03-25 15:17:14,207 - Velocimacro : allowInlineToOverride = false : VMs defined inline may NOT replace previous VM definitions
2019-03-25 15:17:14,207 - Velocimacro : allowInlineLocal = false : VMs defined inline will be  global in scope if allowed.
2019-03-25 15:17:14,207 - Velocimacro : messages on  : VM system will output logging messages
2019-03-25 15:17:14,207 - Velocimacro : autoload off  : VM system will not automatically reload global library macros
2019-03-25 15:17:14,207 - Velocimacro : initialization complete.
2019-03-25 15:17:14,207 - Velocity successfully started.
2019-03-25 15:20:22,455 - SimpleLog4JLogSystem initialized using logfile 'velocity.log'
2019-03-25 15:20:22,456 - ************************************************************** 
2019-03-25 15:20:22,456 - Starting Jakarta Velocity v1.4
2019-03-25 15:20:22,456 - RuntimeInstance initializing.
2019-03-25 15:20:22,456 - Default Properties File: org\apache\velocity\runtime\defaults\velocity.properties
2019-03-25 15:20:22,456 - Trying to use logger class org.apache.velocity.runtime.log.SimpleLog4JLogSystem
2019-03-25 15:20:22,456 - Using logger class org.apache.velocity.runtime.log.SimpleLog4JLogSystem
2019-03-25 15:20:22,458 - Default ResourceManager initializing. (class org.apache.velocity.runtime.resource.ResourceManagerImpl)
2019-03-25 15:20:22,461 - Resource Loader Instantiated: org.apache.velocity.runtime.resource.loader.ClasspathResourceLoader
2019-03-25 15:20:22,461 - ClasspathResourceLoader : initialization starting.
2019-03-25 15:20:22,461 - ClasspathResourceLoader : initialization complete.
2019-03-25 15:20:22,462 - ResourceCache : initialized. (class org.apache.velocity.runtime.resource.ResourceCacheImpl)
2019-03-25 15:20:22,462 - Default ResourceManager initialization complete.
2019-03-25 15:20:22,464 - Loaded System Directive: org.apache.velocity.runtime.directive.Literal
2019-03-25 15:20:22,465 - Loaded System Directive: org.apache.velocity.runtime.directive.Macro
2019-03-25 15:20:22,467 - Loaded System Directive: org.apache.velocity.runtime.directive.Parse
2019-03-25 15:20:22,469 - Loaded System Directive: org.apache.velocity.runtime.directive.Include
2019-03-25 15:20:22,470 - Loaded System Directive: org.apache.velocity.runtime.directive.Foreach
2019-03-25 15:20:22,506 - Created: 20 parsers.
2019-03-25 15:20:22,513 - Velocimacro : initialization starting.
2019-03-25 15:20:22,514 - Velocimacro : adding VMs from VM library template : VM_global_library.vm
2019-03-25 15:20:22,516 - ResourceManager : unable to find resource 'VM_global_library.vm' in any resource loader.
2019-03-25 15:20:22,516 - Velocimacro : error using  VM library template VM_global_library.vm : org.apache.velocity.exception.ResourceNotFoundException: Unable to find resource 'VM_global_library.vm'
2019-03-25 15:20:22,516 - Velocimacro :  VM library template macro registration complete.
2019-03-25 15:20:22,516 - Velocimacro : allowInline = true : VMs can be defined inline in templates
2019-03-25 15:20:22,516 - Velocimacro : allowInlineToOverride = false : VMs defined inline may NOT replace previous VM definitions
2019-03-25 15:20:22,516 - Velocimacro : allowInlineLocal = false : VMs defined inline will be  global in scope if allowed.
2019-03-25 15:20:22,516 - Velocimacro : messages on  : VM system will output logging messages
2019-03-25 15:20:22,516 - Velocimacro : autoload off  : VM system will not automatically reload global library macros
2019-03-25 15:20:22,516 - Velocimacro : initialization complete.
2019-03-25 15:20:22,516 - Velocity successfully started.
2019-03-25 16:54:01,844 - SimpleLog4JLogSystem initialized using logfile 'velocity.log'
2019-03-25 16:54:01,845 - ************************************************************** 
2019-03-25 16:54:01,845 - Starting Jakarta Velocity v1.4
2019-03-25 16:54:01,845 - RuntimeInstance initializing.
2019-03-25 16:54:01,845 - Default Properties File: org\apache\velocity\runtime\defaults\velocity.properties
2019-03-25 16:54:01,845 - Trying to use logger class org.apache.velocity.runtime.log.SimpleLog4JLogSystem
2019-03-25 16:54:01,845 - Using logger class org.apache.velocity.runtime.log.SimpleLog4JLogSystem
2019-03-25 16:54:01,846 - Default ResourceManager initializing. (class org.apache.velocity.runtime.resource.ResourceManagerImpl)
2019-03-25 16:54:01,847 - Resource Loader Instantiated: org.apache.velocity.runtime.resource.loader.ClasspathResourceLoader
2019-03-25 16:54:01,847 - ClasspathResourceLoader : initialization starting.
2019-03-25 16:54:01,847 - ClasspathResourceLoader : initialization complete.
2019-03-25 16:54:01,848 - ResourceCache : initialized. (class org.apache.velocity.runtime.resource.ResourceCacheImpl)
2019-03-25 16:54:01,848 - Default ResourceManager initialization complete.
2019-03-25 16:54:01,849 - Loaded System Directive: org.apache.velocity.runtime.directive.Literal
2019-03-25 16:54:01,851 - Loaded System Directive: org.apache.velocity.runtime.directive.Macro
2019-03-25 16:54:01,852 - Loaded System Directive: org.apache.velocity.runtime.directive.Parse
2019-03-25 16:54:01,852 - Loaded System Directive: org.apache.velocity.runtime.directive.Include
2019-03-25 16:54:01,853 - Loaded System Directive: org.apache.velocity.runtime.directive.Foreach
2019-03-25 16:54:01,868 - Created: 20 parsers.
2019-03-25 16:54:01,871 - Velocimacro : initialization starting.
2019-03-25 16:54:01,871 - Velocimacro : adding VMs from VM library template : VM_global_library.vm
2019-03-25 16:54:01,874 - ResourceManager : unable to find resource 'VM_global_library.vm' in any resource loader.
2019-03-25 16:54:01,874 - Velocimacro : error using  VM library template VM_global_library.vm : org.apache.velocity.exception.ResourceNotFoundException: Unable to find resource 'VM_global_library.vm'
2019-03-25 16:54:01,874 - Velocimacro :  VM library template macro registration complete.
2019-03-25 16:54:01,874 - Velocimacro : allowInline = true : VMs can be defined inline in templates
2019-03-25 16:54:01,874 - Velocimacro : allowInlineToOverride = false : VMs defined inline may NOT replace previous VM definitions
2019-03-25 16:54:01,874 - Velocimacro : allowInlineLocal = false : VMs defined inline will be  global in scope if allowed.
2019-03-25 16:54:01,874 - Velocimacro : messages on  : VM system will output logging messages
2019-03-25 16:54:01,874 - Velocimacro : autoload off  : VM system will not automatically reload global library macros
2019-03-25 16:54:01,874 - Velocimacro : initialization complete.
2019-03-25 16:54:01,874 - Velocity successfully started.
2019-03-26 12:23:27,872 - SimpleLog4JLogSystem initialized using logfile 'velocity.log'
2019-03-26 12:23:27,872 - ************************************************************** 
2019-03-26 12:23:27,872 - Starting Jakarta Velocity v1.4
2019-03-26 12:23:27,872 - RuntimeInstance initializing.
2019-03-26 12:23:27,872 - Default Properties File: org\apache\velocity\runtime\defaults\velocity.properties
2019-03-26 12:23:27,872 - Trying to use logger class org.apache.velocity.runtime.log.SimpleLog4JLogSystem
2019-03-26 12:23:27,872 - Using logger class org.apache.velocity.runtime.log.SimpleLog4JLogSystem
2019-03-26 12:23:27,875 - Default ResourceManager initializing. (class org.apache.velocity.runtime.resource.ResourceManagerImpl)
2019-03-26 12:23:27,879 - Resource Loader Instantiated: org.apache.velocity.runtime.resource.loader.ClasspathResourceLoader
2019-03-26 12:23:27,879 - ClasspathResourceLoader : initialization starting.
2019-03-26 12:23:27,879 - ClasspathResourceLoader : initialization complete.
2019-03-26 12:23:27,880 - ResourceCache : initialized. (class org.apache.velocity.runtime.resource.ResourceCacheImpl)
2019-03-26 12:23:27,880 - Default ResourceManager initialization complete.
2019-03-26 12:23:27,882 - Loaded System Directive: org.apache.velocity.runtime.directive.Literal
2019-03-26 12:23:27,883 - Loaded System Directive: org.apache.velocity.runtime.directive.Macro
2019-03-26 12:23:27,885 - Loaded System Directive: org.apache.velocity.runtime.directive.Parse
2019-03-26 12:23:27,886 - Loaded System Directive: org.apache.velocity.runtime.directive.Include
2019-03-26 12:23:27,887 - Loaded System Directive: org.apache.velocity.runtime.directive.Foreach
2019-03-26 12:23:27,920 - Created: 20 parsers.
2019-03-26 12:23:27,926 - Velocimacro : initialization starting.
2019-03-26 12:23:27,927 - Velocimacro : adding VMs from VM library template : VM_global_library.vm
2019-03-26 12:23:27,929 - ResourceManager : unable to find resource 'VM_global_library.vm' in any resource loader.
2019-03-26 12:23:27,929 - Velocimacro : error using  VM library template VM_global_library.vm : org.apache.velocity.exception.ResourceNotFoundException: Unable to find resource 'VM_global_library.vm'
2019-03-26 12:23:27,929 - Velocimacro :  VM library template macro registration complete.
2019-03-26 12:23:27,929 - Velocimacro : allowInline = true : VMs can be defined inline in templates
2019-03-26 12:23:27,929 - Velocimacro : allowInlineToOverride = false : VMs defined inline may NOT replace previous VM definitions
2019-03-26 12:23:27,929 - Velocimacro : allowInlineLocal = false : VMs defined inline will be  global in scope if allowed.
2019-03-26 12:23:27,929 - Velocimacro : messages on  : VM system will output logging messages
2019-03-26 12:23:27,929 - Velocimacro : autoload off  : VM system will not automatically reload global library macros
2019-03-26 12:23:27,929 - Velocimacro : initialization complete.
2019-03-26 12:23:27,929 - Velocity successfully started.
2019-03-26 12:31:19,100 - SimpleLog4JLogSystem initialized using logfile 'velocity.log'
2019-03-26 12:31:19,100 - ************************************************************** 
2019-03-26 12:31:19,100 - Starting Jakarta Velocity v1.4
2019-03-26 12:31:19,100 - RuntimeInstance initializing.
2019-03-26 12:31:19,100 - Default Properties File: org\apache\velocity\runtime\defaults\velocity.properties
2019-03-26 12:31:19,100 - Trying to use logger class org.apache.velocity.runtime.log.SimpleLog4JLogSystem
2019-03-26 12:31:19,100 - Using logger class org.apache.velocity.runtime.log.SimpleLog4JLogSystem
2019-03-26 12:31:19,101 - Default ResourceManager initializing. (class org.apache.velocity.runtime.resource.ResourceManagerImpl)
2019-03-26 12:31:19,102 - Resource Loader Instantiated: org.apache.velocity.runtime.resource.loader.ClasspathResourceLoader
2019-03-26 12:31:19,103 - ClasspathResourceLoader : initialization starting.
2019-03-26 12:31:19,103 - ClasspathResourceLoader : initialization complete.
2019-03-26 12:31:19,103 - ResourceCache : initialized. (class org.apache.velocity.runtime.resource.ResourceCacheImpl)
2019-03-26 12:31:19,103 - Default ResourceManager initialization complete.
2019-03-26 12:31:19,104 - Loaded System Directive: org.apache.velocity.runtime.directive.Literal
2019-03-26 12:31:19,105 - Loaded System Directive: org.apache.velocity.runtime.directive.Macro
2019-03-26 12:31:19,106 - Loaded System Directive: org.apache.velocity.runtime.directive.Parse
2019-03-26 12:31:19,106 - Loaded System Directive: org.apache.velocity.runtime.directive.Include
2019-03-26 12:31:19,107 - Loaded System Directive: org.apache.velocity.runtime.directive.Foreach
2019-03-26 12:31:19,121 - Created: 20 parsers.
2019-03-26 12:31:19,124 - Velocimacro : initialization starting.
2019-03-26 12:31:19,124 - Velocimacro : adding VMs from VM library template : VM_global_library.vm
2019-03-26 12:31:19,126 - ResourceManager : unable to find resource 'VM_global_library.vm' in any resource loader.
2019-03-26 12:31:19,126 - Velocimacro : error using  VM library template VM_global_library.vm : org.apache.velocity.exception.ResourceNotFoundException: Unable to find resource 'VM_global_library.vm'
2019-03-26 12:31:19,126 - Velocimacro :  VM library template macro registration complete.
2019-03-26 12:31:19,126 - Velocimacro : allowInline = true : VMs can be defined inline in templates
2019-03-26 12:31:19,126 - Velocimacro : allowInlineToOverride = false : VMs defined inline may NOT replace previous VM definitions
2019-03-26 12:31:19,126 - Velocimacro : allowInlineLocal = false : VMs defined inline will be  global in scope if allowed.
2019-03-26 12:31:19,126 - Velocimacro : messages on  : VM system will output logging messages
2019-03-26 12:31:19,126 - Velocimacro : autoload off  : VM system will not automatically reload global library macros
2019-03-26 12:31:19,126 - Velocimacro : initialization complete.
2019-03-26 12:31:19,126 - Velocity successfully started.
2019-03-26 12:37:14,155 - SimpleLog4JLogSystem initialized using logfile 'velocity.log'
2019-03-26 12:37:14,155 - ************************************************************** 
2019-03-26 12:37:14,155 - Starting Jakarta Velocity v1.4
2019-03-26 12:37:14,155 - RuntimeInstance initializing.
2019-03-26 12:37:14,155 - Default Properties File: org\apache\velocity\runtime\defaults\velocity.properties
2019-03-26 12:37:14,155 - Trying to use logger class org.apache.velocity.runtime.log.SimpleLog4JLogSystem
2019-03-26 12:37:14,155 - Using logger class org.apache.velocity.runtime.log.SimpleLog4JLogSystem
2019-03-26 12:37:14,157 - Default ResourceManager initializing. (class org.apache.velocity.runtime.resource.ResourceManagerImpl)
2019-03-26 12:37:14,159 - Resource Loader Instantiated: org.apache.velocity.runtime.resource.loader.ClasspathResourceLoader
2019-03-26 12:37:14,159 - ClasspathResourceLoader : initialization starting.
2019-03-26 12:37:14,159 - ClasspathResourceLoader : initialization complete.
2019-03-26 12:37:14,160 - ResourceCache : initialized. (class org.apache.velocity.runtime.resource.ResourceCacheImpl)
2019-03-26 12:37:14,160 - Default ResourceManager initialization complete.
2019-03-26 12:37:14,161 - Loaded System Directive: org.apache.velocity.runtime.directive.Literal
2019-03-26 12:37:14,162 - Loaded System Directive: org.apache.velocity.runtime.directive.Macro
2019-03-26 12:37:14,164 - Loaded System Directive: org.apache.velocity.runtime.directive.Parse
2019-03-26 12:37:14,165 - Loaded System Directive: org.apache.velocity.runtime.directive.Include
2019-03-26 12:37:14,166 - Loaded System Directive: org.apache.velocity.runtime.directive.Foreach
2019-03-26 12:37:14,189 - Created: 20 parsers.
2019-03-26 12:37:14,193 - Velocimacro : initialization starting.
2019-03-26 12:37:14,194 - Velocimacro : adding VMs from VM library template : VM_global_library.vm
2019-03-26 12:37:14,195 - ResourceManager : unable to find resource 'VM_global_library.vm' in any resource loader.
2019-03-26 12:37:14,195 - Velocimacro : error using  VM library template VM_global_library.vm : org.apache.velocity.exception.ResourceNotFoundException: Unable to find resource 'VM_global_library.vm'
2019-03-26 12:37:14,195 - Velocimacro :  VM library template macro registration complete.
2019-03-26 12:37:14,196 - Velocimacro : allowInline = true : VMs can be defined inline in templates
2019-03-26 12:37:14,196 - Velocimacro : allowInlineToOverride = false : VMs defined inline may NOT replace previous VM definitions
2019-03-26 12:37:14,196 - Velocimacro : allowInlineLocal = false : VMs defined inline will be  global in scope if allowed.
2019-03-26 12:37:14,196 - Velocimacro : messages on  : VM system will output logging messages
2019-03-26 12:37:14,196 - Velocimacro : autoload off  : VM system will not automatically reload global library macros
2019-03-26 12:37:14,196 - Velocimacro : initialization complete.
2019-03-26 12:37:14,196 - Velocity successfully started.
2019-03-26 12:39:27,800 - SimpleLog4JLogSystem initialized using logfile 'velocity.log'
2019-03-26 12:39:27,800 - ************************************************************** 
2019-03-26 12:39:27,800 - Starting Jakarta Velocity v1.4
2019-03-26 12:39:27,800 - RuntimeInstance initializing.
2019-03-26 12:39:27,800 - Default Properties File: org\apache\velocity\runtime\defaults\velocity.properties
2019-03-26 12:39:27,800 - Trying to use logger class org.apache.velocity.runtime.log.SimpleLog4JLogSystem
2019-03-26 12:39:27,800 - Using logger class org.apache.velocity.runtime.log.SimpleLog4JLogSystem
2019-03-26 12:39:27,802 - Default ResourceManager initializing. (class org.apache.velocity.runtime.resource.ResourceManagerImpl)
2019-03-26 12:39:27,804 - Resource Loader Instantiated: org.apache.velocity.runtime.resource.loader.ClasspathResourceLoader
2019-03-26 12:39:27,804 - ClasspathResourceLoader : initialization starting.
2019-03-26 12:39:27,804 - ClasspathResourceLoader : initialization complete.
2019-03-26 12:39:27,805 - ResourceCache : initialized. (class org.apache.velocity.runtime.resource.ResourceCacheImpl)
2019-03-26 12:39:27,805 - Default ResourceManager initialization complete.
2019-03-26 12:39:27,806 - Loaded System Directive: org.apache.velocity.runtime.directive.Literal
2019-03-26 12:39:27,807 - Loaded System Directive: org.apache.velocity.runtime.directive.Macro
2019-03-26 12:39:27,808 - Loaded System Directive: org.apache.velocity.runtime.directive.Parse
2019-03-26 12:39:27,810 - Loaded System Directive: org.apache.velocity.runtime.directive.Include
2019-03-26 12:39:27,810 - Loaded System Directive: org.apache.velocity.runtime.directive.Foreach
2019-03-26 12:39:27,830 - Created: 20 parsers.
2019-03-26 12:39:27,835 - Velocimacro : initialization starting.
2019-03-26 12:39:27,835 - Velocimacro : adding VMs from VM library template : VM_global_library.vm
2019-03-26 12:39:27,837 - ResourceManager : unable to find resource 'VM_global_library.vm' in any resource loader.
2019-03-26 12:39:27,837 - Velocimacro : error using  VM library template VM_global_library.vm : org.apache.velocity.exception.ResourceNotFoundException: Unable to find resource 'VM_global_library.vm'
2019-03-26 12:39:27,837 - Velocimacro :  VM library template macro registration complete.
2019-03-26 12:39:27,837 - Velocimacro : allowInline = true : VMs can be defined inline in templates
2019-03-26 12:39:27,837 - Velocimacro : allowInlineToOverride = false : VMs defined inline may NOT replace previous VM definitions
2019-03-26 12:39:27,837 - Velocimacro : allowInlineLocal = false : VMs defined inline will be  global in scope if allowed.
2019-03-26 12:39:27,837 - Velocimacro : messages on  : VM system will output logging messages
2019-03-26 12:39:27,837 - Velocimacro : autoload off  : VM system will not automatically reload global library macros
2019-03-26 12:39:27,837 - Velocimacro : initialization complete.
2019-03-26 12:39:27,837 - Velocity successfully started.
2019-03-26 15:28:42,949 - SimpleLog4JLogSystem initialized using logfile 'velocity.log'
2019-03-26 15:28:42,949 - ************************************************************** 
2019-03-26 15:28:42,949 - Starting Jakarta Velocity v1.4
2019-03-26 15:28:42,949 - RuntimeInstance initializing.
2019-03-26 15:28:42,949 - Default Properties File: org\apache\velocity\runtime\defaults\velocity.properties
2019-03-26 15:28:42,949 - Trying to use logger class org.apache.velocity.runtime.log.SimpleLog4JLogSystem
2019-03-26 15:28:42,949 - Using logger class org.apache.velocity.runtime.log.SimpleLog4JLogSystem
2019-03-26 15:28:42,950 - Default ResourceManager initializing. (class org.apache.velocity.runtime.resource.ResourceManagerImpl)
2019-03-26 15:28:42,951 - Resource Loader Instantiated: org.apache.velocity.runtime.resource.loader.ClasspathResourceLoader
2019-03-26 15:28:42,951 - ClasspathResourceLoader : initialization starting.
2019-03-26 15:28:42,952 - ClasspathResourceLoader : initialization complete.
2019-03-26 15:28:42,952 - ResourceCache : initialized. (class org.apache.velocity.runtime.resource.ResourceCacheImpl)
2019-03-26 15:28:42,952 - Default ResourceManager initialization complete.
2019-03-26 15:28:42,953 - Loaded System Directive: org.apache.velocity.runtime.directive.Literal
2019-03-26 15:28:42,954 - Loaded System Directive: org.apache.velocity.runtime.directive.Macro
2019-03-26 15:28:42,955 - Loaded System Directive: org.apache.velocity.runtime.directive.Parse
2019-03-26 15:28:42,955 - Loaded System Directive: org.apache.velocity.runtime.directive.Include
2019-03-26 15:28:42,956 - Loaded System Directive: org.apache.velocity.runtime.directive.Foreach
2019-03-26 15:28:42,971 - Created: 20 parsers.
2019-03-26 15:28:42,974 - Velocimacro : initialization starting.
2019-03-26 15:28:42,974 - Velocimacro : adding VMs from VM library template : VM_global_library.vm
2019-03-26 15:28:42,975 - ResourceManager : unable to find resource 'VM_global_library.vm' in any resource loader.
2019-03-26 15:28:42,975 - Velocimacro : error using  VM library template VM_global_library.vm : org.apache.velocity.exception.ResourceNotFoundException: Unable to find resource 'VM_global_library.vm'
2019-03-26 15:28:42,975 - Velocimacro :  VM library template macro registration complete.
2019-03-26 15:28:42,975 - Velocimacro : allowInline = true : VMs can be defined inline in templates
2019-03-26 15:28:42,975 - Velocimacro : allowInlineToOverride = false : VMs defined inline may NOT replace previous VM definitions
2019-03-26 15:28:42,975 - Velocimacro : allowInlineLocal = false : VMs defined inline will be  global in scope if allowed.
2019-03-26 15:28:42,975 - Velocimacro : messages on  : VM system will output logging messages
2019-03-26 15:28:42,975 - Velocimacro : autoload off  : VM system will not automatically reload global library macros
2019-03-26 15:28:42,975 - Velocimacro : initialization complete.
2019-03-26 15:28:42,975 - Velocity successfully started.
2019-03-26 15:47:45,940 - SimpleLog4JLogSystem initialized using logfile 'velocity.log'
2019-03-26 15:47:45,941 - ************************************************************** 
2019-03-26 15:47:45,941 - Starting Jakarta Velocity v1.4
2019-03-26 15:47:45,941 - RuntimeInstance initializing.
2019-03-26 15:47:45,941 - Default Properties File: org\apache\velocity\runtime\defaults\velocity.properties
2019-03-26 15:47:45,941 - Trying to use logger class org.apache.velocity.runtime.log.SimpleLog4JLogSystem
2019-03-26 15:47:45,941 - Using logger class org.apache.velocity.runtime.log.SimpleLog4JLogSystem
2019-03-26 15:47:45,943 - Default ResourceManager initializing. (class org.apache.velocity.runtime.resource.ResourceManagerImpl)
2019-03-26 15:47:45,945 - Resource Loader Instantiated: org.apache.velocity.runtime.resource.loader.ClasspathResourceLoader
2019-03-26 15:47:45,945 - ClasspathResourceLoader : initialization starting.
2019-03-26 15:47:45,945 - ClasspathResourceLoader : initialization complete.
2019-03-26 15:47:45,946 - ResourceCache : initialized. (class org.apache.velocity.runtime.resource.ResourceCacheImpl)
2019-03-26 15:47:45,947 - Default ResourceManager initialization complete.
2019-03-26 15:47:45,948 - Loaded System Directive: org.apache.velocity.runtime.directive.Literal
2019-03-26 15:47:45,949 - Loaded System Directive: org.apache.velocity.runtime.directive.Macro
2019-03-26 15:47:45,951 - Loaded System Directive: org.apache.velocity.runtime.directive.Parse
2019-03-26 15:47:45,953 - Loaded System Directive: org.apache.velocity.runtime.directive.Include
2019-03-26 15:47:45,953 - Loaded System Directive: org.apache.velocity.runtime.directive.Foreach
2019-03-26 15:47:45,974 - Created: 20 parsers.
2019-03-26 15:47:45,979 - Velocimacro : initialization starting.
2019-03-26 15:47:45,979 - Velocimacro : adding VMs from VM library template : VM_global_library.vm
2019-03-26 15:47:45,981 - ResourceManager : unable to find resource 'VM_global_library.vm' in any resource loader.
2019-03-26 15:47:45,981 - Velocimacro : error using  VM library template VM_global_library.vm : org.apache.velocity.exception.ResourceNotFoundException: Unable to find resource 'VM_global_library.vm'
2019-03-26 15:47:45,981 - Velocimacro :  VM library template macro registration complete.
2019-03-26 15:47:45,981 - Velocimacro : allowInline = true : VMs can be defined inline in templates
2019-03-26 15:47:45,981 - Velocimacro : allowInlineToOverride = false : VMs defined inline may NOT replace previous VM definitions
2019-03-26 15:47:45,981 - Velocimacro : allowInlineLocal = false : VMs defined inline will be  global in scope if allowed.
2019-03-26 15:47:45,981 - Velocimacro : messages on  : VM system will output logging messages
2019-03-26 15:47:45,981 - Velocimacro : autoload off  : VM system will not automatically reload global library macros
2019-03-26 15:47:45,981 - Velocimacro : initialization complete.
2019-03-26 15:47:45,981 - Velocity successfully started.
